The system is: Linux - 3.10.0-1160.53.1.el7.x86_64 - x86_64
Compiling the C compiler identification source file "CMakeCCompilerId.c" succeeded.
Compiler: /util/gcc-7.2.0/bin/gcc 
Build flags: 
Id flags:  

The output was:
0


Compilation of the C compiler identification source "CMakeCCompilerId.c" produced "a.out"

The C compiler identification is GNU, found in "/home/csgrad/asowmyan/Taco_db_test/lab1/build/CMakeFiles/3.18.2/CompilerIdC/a.out"

Compiling the CXX compiler identification source file "CMakeCXXCompilerId.cpp" succeeded.
Compiler: /util/gcc-7.2.0/bin/g++ 
Build flags: 
Id flags:  

The output was:
0


Compilation of the CXX compiler identification source "CMakeCXXCompilerId.cpp" produced "a.out"

The CXX compiler identification is GNU, found in "/home/csgrad/asowmyan/Taco_db_test/lab1/build/CMakeFiles/3.18.2/CompilerIdCXX/a.out"

Detecting C compiler ABI info compiled with the following output:
Change Dir: /home/csgrad/asowmyan/Taco_db_test/lab1/build/CMakeFiles/CMakeTmp

Run Build Command(s):/usr/bin/gmake cmTC_525cf/fast && /usr/bin/gmake  -f CMakeFiles/cmTC_525cf.dir/build.make CMakeFiles/cmTC_525cf.dir/build
gmake[1]: Entering directory `/home/csgrad/asowmyan/Taco_db_test/lab1/build/CMakeFiles/CMakeTmp'
Building C object CMakeFiles/cmTC_525cf.dir/CMakeCCompilerABI.c.o
/util/gcc-7.2.0/bin/gcc   -v -o CMakeFiles/cmTC_525cf.dir/CMakeCCompilerABI.c.o -c /util/cmake-3.18.2/share/cmake-3.18/Modules/CMakeCCompilerABI.c
Using built-in specs.
COLLECT_GCC=/util/gcc-7.2.0/bin/gcc
Target: x86_64-pc-linux-gnu
Configured with: ../gcc-7.2.0/configure --prefix=/util/gcc-7.2.0 --disable-multilib
Thread model: posix
gcc version 7.2.0 (GCC) 
COLLECT_GCC_OPTIONS='-v' '-o' 'CMakeFiles/cmTC_525cf.dir/CMakeCCompilerABI.c.o' '-c' '-mtune=generic' '-march=x86-64'
 /util/gcc-7.2.0/libexec/gcc/x86_64-pc-linux-gnu/7.2.0/cc1 -quiet -v /util/cmake-3.18.2/share/cmake-3.18/Modules/CMakeCCompilerABI.c -quiet -dumpbase CMakeCCompilerABI.c -mtune=generic -march=x86-64 -auxbase-strip CMakeFiles/cmTC_525cf.dir/CMakeCCompilerABI.c.o -version -o /tmp/ccFvptz7.s
GNU C11 (GCC) version 7.2.0 (x86_64-pc-linux-gnu)
	compiled by GNU C version 7.2.0, GMP version 6.1.0, MPFR version 3.1.4, MPC version 1.0.3, isl version isl-0.16.1-GMP

GGC heuristics: --param ggc-min-expand=100 --param ggc-min-heapsize=131072
ignoring nonexistent directory "/util/gcc-7.2.0/lib/gcc/x86_64-pc-linux-gnu/7.2.0/../../../../x86_64-pc-linux-gnu/include"
#include "..." search starts here:
#include <...> search starts here:
 /util/gcc-7.2.0/lib/gcc/x86_64-pc-linux-gnu/7.2.0/include
 /usr/local/include
 /util/gcc-7.2.0/include
 /util/gcc-7.2.0/lib/gcc/x86_64-pc-linux-gnu/7.2.0/include-fixed
 /usr/include
End of search list.
GNU C11 (GCC) version 7.2.0 (x86_64-pc-linux-gnu)
	compiled by GNU C version 7.2.0, GMP version 6.1.0, MPFR version 3.1.4, MPC version 1.0.3, isl version isl-0.16.1-GMP

GGC heuristics: --param ggc-min-expand=100 --param ggc-min-heapsize=131072
Compiler executable checksum: cbab19d106cdf2d4315eb8a4988a5a52
COLLECT_GCC_OPTIONS='-v' '-o' 'CMakeFiles/cmTC_525cf.dir/CMakeCCompilerABI.c.o' '-c' '-mtune=generic' '-march=x86-64'
 as -v --64 -o CMakeFiles/cmTC_525cf.dir/CMakeCCompilerABI.c.o /tmp/ccFvptz7.s
GNU assembler version 2.24 (x86_64-unknown-linux-gnu) using BFD version (GNU Binutils) 2.24
COMPILER_PATH=/util/gcc-7.2.0/libexec/gcc/x86_64-pc-linux-gnu/7.2.0/:/util/gcc-7.2.0/libexec/gcc/x86_64-pc-linux-gnu/7.2.0/:/util/gcc-7.2.0/libexec/gcc/x86_64-pc-linux-gnu/:/util/gcc-7.2.0/lib/gcc/x86_64-pc-linux-gnu/7.2.0/:/util/gcc-7.2.0/lib/gcc/x86_64-pc-linux-gnu/
LIBRARY_PATH=/util/gcc-7.2.0/lib/gcc/x86_64-pc-linux-gnu/7.2.0/:/util/gcc-7.2.0/lib/gcc/x86_64-pc-linux-gnu/7.2.0/../../../../lib64/:/lib/../lib64/:/usr/lib/../lib64/:/util/gcc-7.2.0/lib/gcc/x86_64-pc-linux-gnu/7.2.0/../../../:/lib/:/usr/lib/
COLLECT_GCC_OPTIONS='-v' '-o' 'CMakeFiles/cmTC_525cf.dir/CMakeCCompilerABI.c.o' '-c' '-mtune=generic' '-march=x86-64'
Linking C executable cmTC_525cf
/util/cmake-3.18.2/bin/cmake -E cmake_link_script CMakeFiles/cmTC_525cf.dir/link.txt --verbose=1
/util/gcc-7.2.0/bin/gcc  -v CMakeFiles/cmTC_525cf.dir/CMakeCCompilerABI.c.o -o cmTC_525cf 
Using built-in specs.
COLLECT_GCC=/util/gcc-7.2.0/bin/gcc
COLLECT_LTO_WRAPPER=/util/gcc-7.2.0/libexec/gcc/x86_64-pc-linux-gnu/7.2.0/lto-wrapper
Target: x86_64-pc-linux-gnu
Configured with: ../gcc-7.2.0/configure --prefix=/util/gcc-7.2.0 --disable-multilib
Thread model: posix
gcc version 7.2.0 (GCC) 
COMPILER_PATH=/util/gcc-7.2.0/libexec/gcc/x86_64-pc-linux-gnu/7.2.0/:/util/gcc-7.2.0/libexec/gcc/x86_64-pc-linux-gnu/7.2.0/:/util/gcc-7.2.0/libexec/gcc/x86_64-pc-linux-gnu/:/util/gcc-7.2.0/lib/gcc/x86_64-pc-linux-gnu/7.2.0/:/util/gcc-7.2.0/lib/gcc/x86_64-pc-linux-gnu/
LIBRARY_PATH=/util/gcc-7.2.0/lib/gcc/x86_64-pc-linux-gnu/7.2.0/:/util/gcc-7.2.0/lib/gcc/x86_64-pc-linux-gnu/7.2.0/../../../../lib64/:/lib/../lib64/:/usr/lib/../lib64/:/util/gcc-7.2.0/lib/gcc/x86_64-pc-linux-gnu/7.2.0/../../../:/lib/:/usr/lib/
COLLECT_GCC_OPTIONS='-v' '-o' 'cmTC_525cf' '-mtune=generic' '-march=x86-64'
 /util/gcc-7.2.0/libexec/gcc/x86_64-pc-linux-gnu/7.2.0/collect2 --eh-frame-hdr -m elf_x86_64 -dynamic-linker /lib64/ld-linux-x86-64.so.2 -o cmTC_525cf /lib/../lib64/crt1.o /lib/../lib64/crti.o /util/gcc-7.2.0/lib/gcc/x86_64-pc-linux-gnu/7.2.0/crtbegin.o -L/util/gcc-7.2.0/lib/gcc/x86_64-pc-linux-gnu/7.2.0 -L/util/gcc-7.2.0/lib/gcc/x86_64-pc-linux-gnu/7.2.0/../../../../lib64 -L/lib/../lib64 -L/usr/lib/../lib64 -L/util/gcc-7.2.0/lib/gcc/x86_64-pc-linux-gnu/7.2.0/../../.. CMakeFiles/cmTC_525cf.dir/CMakeCCompilerABI.c.o -lgcc --as-needed -lgcc_s --no-as-needed -lc -lgcc --as-needed -lgcc_s --no-as-needed /util/gcc-7.2.0/lib/gcc/x86_64-pc-linux-gnu/7.2.0/crtend.o /lib/../lib64/crtn.o
COLLECT_GCC_OPTIONS='-v' '-o' 'cmTC_525cf' '-mtune=generic' '-march=x86-64'
gmake[1]: Leaving directory `/home/csgrad/asowmyan/Taco_db_test/lab1/build/CMakeFiles/CMakeTmp'



Parsed C implicit include dir info from above output: rv=done
  found start of include info
  found start of implicit include info
    add: [/util/gcc-7.2.0/lib/gcc/x86_64-pc-linux-gnu/7.2.0/include]
    add: [/usr/local/include]
    add: [/util/gcc-7.2.0/include]
    add: [/util/gcc-7.2.0/lib/gcc/x86_64-pc-linux-gnu/7.2.0/include-fixed]
    add: [/usr/include]
  end of search list found
  collapse include dir [/util/gcc-7.2.0/lib/gcc/x86_64-pc-linux-gnu/7.2.0/include] ==> [/util/gcc-7.2.0/lib/gcc/x86_64-pc-linux-gnu/7.2.0/include]
  collapse include dir [/usr/local/include] ==> [/usr/local/include]
  collapse include dir [/util/gcc-7.2.0/include] ==> [/util/gcc-7.2.0/include]
  collapse include dir [/util/gcc-7.2.0/lib/gcc/x86_64-pc-linux-gnu/7.2.0/include-fixed] ==> [/util/gcc-7.2.0/lib/gcc/x86_64-pc-linux-gnu/7.2.0/include-fixed]
  collapse include dir [/usr/include] ==> [/usr/include]
  implicit include dirs: [/util/gcc-7.2.0/lib/gcc/x86_64-pc-linux-gnu/7.2.0/include;/usr/local/include;/util/gcc-7.2.0/include;/util/gcc-7.2.0/lib/gcc/x86_64-pc-linux-gnu/7.2.0/include-fixed;/usr/include]


Parsed C implicit link information from above output:
  link line regex: [^( *|.*[/\])(ld|CMAKE_LINK_STARTFILE-NOTFOUND|([^/\]+-)?ld|collect2)[^/\]*( |$)]
  ignore line: [Change Dir: /home/csgrad/asowmyan/Taco_db_test/lab1/build/CMakeFiles/CMakeTmp]
  ignore line: []
  ignore line: [Run Build Command(s):/usr/bin/gmake cmTC_525cf/fast && /usr/bin/gmake  -f CMakeFiles/cmTC_525cf.dir/build.make CMakeFiles/cmTC_525cf.dir/build]
  ignore line: [gmake[1]: Entering directory `/home/csgrad/asowmyan/Taco_db_test/lab1/build/CMakeFiles/CMakeTmp']
  ignore line: [Building C object CMakeFiles/cmTC_525cf.dir/CMakeCCompilerABI.c.o]
  ignore line: [/util/gcc-7.2.0/bin/gcc   -v -o CMakeFiles/cmTC_525cf.dir/CMakeCCompilerABI.c.o -c /util/cmake-3.18.2/share/cmake-3.18/Modules/CMakeCCompilerABI.c]
  ignore line: [Using built-in specs.]
  ignore line: [COLLECT_GCC=/util/gcc-7.2.0/bin/gcc]
  ignore line: [Target: x86_64-pc-linux-gnu]
  ignore line: [Configured with: ../gcc-7.2.0/configure --prefix=/util/gcc-7.2.0 --disable-multilib]
  ignore line: [Thread model: posix]
  ignore line: [gcc version 7.2.0 (GCC) ]
  ignore line: [COLLECT_GCC_OPTIONS='-v' '-o' 'CMakeFiles/cmTC_525cf.dir/CMakeCCompilerABI.c.o' '-c' '-mtune=generic' '-march=x86-64']
  ignore line: [ /util/gcc-7.2.0/libexec/gcc/x86_64-pc-linux-gnu/7.2.0/cc1 -quiet -v /util/cmake-3.18.2/share/cmake-3.18/Modules/CMakeCCompilerABI.c -quiet -dumpbase CMakeCCompilerABI.c -mtune=generic -march=x86-64 -auxbase-strip CMakeFiles/cmTC_525cf.dir/CMakeCCompilerABI.c.o -version -o /tmp/ccFvptz7.s]
  ignore line: [GNU C11 (GCC) version 7.2.0 (x86_64-pc-linux-gnu)]
  ignore line: [	compiled by GNU C version 7.2.0  GMP version 6.1.0  MPFR version 3.1.4  MPC version 1.0.3  isl version isl-0.16.1-GMP]
  ignore line: []
  ignore line: [GGC heuristics: --param ggc-min-expand=100 --param ggc-min-heapsize=131072]
  ignore line: [ignoring nonexistent directory "/util/gcc-7.2.0/lib/gcc/x86_64-pc-linux-gnu/7.2.0/../../../../x86_64-pc-linux-gnu/include"]
  ignore line: [#include "..." search starts here:]
  ignore line: [#include <...> search starts here:]
  ignore line: [ /util/gcc-7.2.0/lib/gcc/x86_64-pc-linux-gnu/7.2.0/include]
  ignore line: [ /usr/local/include]
  ignore line: [ /util/gcc-7.2.0/include]
  ignore line: [ /util/gcc-7.2.0/lib/gcc/x86_64-pc-linux-gnu/7.2.0/include-fixed]
  ignore line: [ /usr/include]
  ignore line: [End of search list.]
  ignore line: [GNU C11 (GCC) version 7.2.0 (x86_64-pc-linux-gnu)]
  ignore line: [	compiled by GNU C version 7.2.0  GMP version 6.1.0  MPFR version 3.1.4  MPC version 1.0.3  isl version isl-0.16.1-GMP]
  ignore line: []
  ignore line: [GGC heuristics: --param ggc-min-expand=100 --param ggc-min-heapsize=131072]
  ignore line: [Compiler executable checksum: cbab19d106cdf2d4315eb8a4988a5a52]
  ignore line: [COLLECT_GCC_OPTIONS='-v' '-o' 'CMakeFiles/cmTC_525cf.dir/CMakeCCompilerABI.c.o' '-c' '-mtune=generic' '-march=x86-64']
  ignore line: [ as -v --64 -o CMakeFiles/cmTC_525cf.dir/CMakeCCompilerABI.c.o /tmp/ccFvptz7.s]
  ignore line: [GNU assembler version 2.24 (x86_64-unknown-linux-gnu) using BFD version (GNU Binutils) 2.24]
  ignore line: [COMPILER_PATH=/util/gcc-7.2.0/libexec/gcc/x86_64-pc-linux-gnu/7.2.0/:/util/gcc-7.2.0/libexec/gcc/x86_64-pc-linux-gnu/7.2.0/:/util/gcc-7.2.0/libexec/gcc/x86_64-pc-linux-gnu/:/util/gcc-7.2.0/lib/gcc/x86_64-pc-linux-gnu/7.2.0/:/util/gcc-7.2.0/lib/gcc/x86_64-pc-linux-gnu/]
  ignore line: [LIBRARY_PATH=/util/gcc-7.2.0/lib/gcc/x86_64-pc-linux-gnu/7.2.0/:/util/gcc-7.2.0/lib/gcc/x86_64-pc-linux-gnu/7.2.0/../../../../lib64/:/lib/../lib64/:/usr/lib/../lib64/:/util/gcc-7.2.0/lib/gcc/x86_64-pc-linux-gnu/7.2.0/../../../:/lib/:/usr/lib/]
  ignore line: [COLLECT_GCC_OPTIONS='-v' '-o' 'CMakeFiles/cmTC_525cf.dir/CMakeCCompilerABI.c.o' '-c' '-mtune=generic' '-march=x86-64']
  ignore line: [Linking C executable cmTC_525cf]
  ignore line: [/util/cmake-3.18.2/bin/cmake -E cmake_link_script CMakeFiles/cmTC_525cf.dir/link.txt --verbose=1]
  ignore line: [/util/gcc-7.2.0/bin/gcc  -v CMakeFiles/cmTC_525cf.dir/CMakeCCompilerABI.c.o -o cmTC_525cf ]
  ignore line: [Using built-in specs.]
  ignore line: [COLLECT_GCC=/util/gcc-7.2.0/bin/gcc]
  ignore line: [COLLECT_LTO_WRAPPER=/util/gcc-7.2.0/libexec/gcc/x86_64-pc-linux-gnu/7.2.0/lto-wrapper]
  ignore line: [Target: x86_64-pc-linux-gnu]
  ignore line: [Configured with: ../gcc-7.2.0/configure --prefix=/util/gcc-7.2.0 --disable-multilib]
  ignore line: [Thread model: posix]
  ignore line: [gcc version 7.2.0 (GCC) ]
  ignore line: [COMPILER_PATH=/util/gcc-7.2.0/libexec/gcc/x86_64-pc-linux-gnu/7.2.0/:/util/gcc-7.2.0/libexec/gcc/x86_64-pc-linux-gnu/7.2.0/:/util/gcc-7.2.0/libexec/gcc/x86_64-pc-linux-gnu/:/util/gcc-7.2.0/lib/gcc/x86_64-pc-linux-gnu/7.2.0/:/util/gcc-7.2.0/lib/gcc/x86_64-pc-linux-gnu/]
  ignore line: [LIBRARY_PATH=/util/gcc-7.2.0/lib/gcc/x86_64-pc-linux-gnu/7.2.0/:/util/gcc-7.2.0/lib/gcc/x86_64-pc-linux-gnu/7.2.0/../../../../lib64/:/lib/../lib64/:/usr/lib/../lib64/:/util/gcc-7.2.0/lib/gcc/x86_64-pc-linux-gnu/7.2.0/../../../:/lib/:/usr/lib/]
  ignore line: [COLLECT_GCC_OPTIONS='-v' '-o' 'cmTC_525cf' '-mtune=generic' '-march=x86-64']
  link line: [ /util/gcc-7.2.0/libexec/gcc/x86_64-pc-linux-gnu/7.2.0/collect2 --eh-frame-hdr -m elf_x86_64 -dynamic-linker /lib64/ld-linux-x86-64.so.2 -o cmTC_525cf /lib/../lib64/crt1.o /lib/../lib64/crti.o /util/gcc-7.2.0/lib/gcc/x86_64-pc-linux-gnu/7.2.0/crtbegin.o -L/util/gcc-7.2.0/lib/gcc/x86_64-pc-linux-gnu/7.2.0 -L/util/gcc-7.2.0/lib/gcc/x86_64-pc-linux-gnu/7.2.0/../../../../lib64 -L/lib/../lib64 -L/usr/lib/../lib64 -L/util/gcc-7.2.0/lib/gcc/x86_64-pc-linux-gnu/7.2.0/../../.. CMakeFiles/cmTC_525cf.dir/CMakeCCompilerABI.c.o -lgcc --as-needed -lgcc_s --no-as-needed -lc -lgcc --as-needed -lgcc_s --no-as-needed /util/gcc-7.2.0/lib/gcc/x86_64-pc-linux-gnu/7.2.0/crtend.o /lib/../lib64/crtn.o]
    arg [/util/gcc-7.2.0/libexec/gcc/x86_64-pc-linux-gnu/7.2.0/collect2] ==> ignore
    arg [--eh-frame-hdr] ==> ignore
    arg [-m] ==> ignore
    arg [elf_x86_64] ==> ignore
    arg [-dynamic-linker] ==> ignore
    arg [/lib64/ld-linux-x86-64.so.2] ==> ignore
    arg [-o] ==> ignore
    arg [cmTC_525cf] ==> ignore
    arg [/lib/../lib64/crt1.o] ==> ignore
    arg [/lib/../lib64/crti.o] ==> ignore
    arg [/util/gcc-7.2.0/lib/gcc/x86_64-pc-linux-gnu/7.2.0/crtbegin.o] ==> ignore
    arg [-L/util/gcc-7.2.0/lib/gcc/x86_64-pc-linux-gnu/7.2.0] ==> dir [/util/gcc-7.2.0/lib/gcc/x86_64-pc-linux-gnu/7.2.0]
    arg [-L/util/gcc-7.2.0/lib/gcc/x86_64-pc-linux-gnu/7.2.0/../../../../lib64] ==> dir [/util/gcc-7.2.0/lib/gcc/x86_64-pc-linux-gnu/7.2.0/../../../../lib64]
    arg [-L/lib/../lib64] ==> dir [/lib/../lib64]
    arg [-L/usr/lib/../lib64] ==> dir [/usr/lib/../lib64]
    arg [-L/util/gcc-7.2.0/lib/gcc/x86_64-pc-linux-gnu/7.2.0/../../..] ==> dir [/util/gcc-7.2.0/lib/gcc/x86_64-pc-linux-gnu/7.2.0/../../..]
    arg [CMakeFiles/cmTC_525cf.dir/CMakeCCompilerABI.c.o] ==> ignore
    arg [-lgcc] ==> lib [gcc]
    arg [--as-needed] ==> ignore
    arg [-lgcc_s] ==> lib [gcc_s]
    arg [--no-as-needed] ==> ignore
    arg [-lc] ==> lib [c]
    arg [-lgcc] ==> lib [gcc]
    arg [--as-needed] ==> ignore
    arg [-lgcc_s] ==> lib [gcc_s]
    arg [--no-as-needed] ==> ignore
    arg [/util/gcc-7.2.0/lib/gcc/x86_64-pc-linux-gnu/7.2.0/crtend.o] ==> ignore
    arg [/lib/../lib64/crtn.o] ==> ignore
  collapse library dir [/util/gcc-7.2.0/lib/gcc/x86_64-pc-linux-gnu/7.2.0] ==> [/util/gcc-7.2.0/lib/gcc/x86_64-pc-linux-gnu/7.2.0]
  collapse library dir [/util/gcc-7.2.0/lib/gcc/x86_64-pc-linux-gnu/7.2.0/../../../../lib64] ==> [/util/gcc-7.2.0/lib64]
  collapse library dir [/lib/../lib64] ==> [/lib64]
  collapse library dir [/usr/lib/../lib64] ==> [/usr/lib64]
  collapse library dir [/util/gcc-7.2.0/lib/gcc/x86_64-pc-linux-gnu/7.2.0/../../..] ==> [/util/gcc-7.2.0/lib]
  implicit libs: [gcc;gcc_s;c;gcc;gcc_s]
  implicit dirs: [/util/gcc-7.2.0/lib/gcc/x86_64-pc-linux-gnu/7.2.0;/util/gcc-7.2.0/lib64;/lib64;/usr/lib64;/util/gcc-7.2.0/lib]
  implicit fwks: []


Detecting CXX compiler ABI info compiled with the following output:
Change Dir: /home/csgrad/asowmyan/Taco_db_test/lab1/build/CMakeFiles/CMakeTmp

Run Build Command(s):/usr/bin/gmake cmTC_2123d/fast && /usr/bin/gmake  -f CMakeFiles/cmTC_2123d.dir/build.make CMakeFiles/cmTC_2123d.dir/build
gmake[1]: Entering directory `/home/csgrad/asowmyan/Taco_db_test/lab1/build/CMakeFiles/CMakeTmp'
Building CXX object CMakeFiles/cmTC_2123d.dir/CMakeCXXCompilerABI.cpp.o
/util/gcc-7.2.0/bin/g++   -v -o CMakeFiles/cmTC_2123d.dir/CMakeCXXCompilerABI.cpp.o -c /util/cmake-3.18.2/share/cmake-3.18/Modules/CMakeCXXCompilerABI.cpp
Using built-in specs.
COLLECT_GCC=/util/gcc-7.2.0/bin/g++
Target: x86_64-pc-linux-gnu
Configured with: ../gcc-7.2.0/configure --prefix=/util/gcc-7.2.0 --disable-multilib
Thread model: posix
gcc version 7.2.0 (GCC) 
COLLECT_GCC_OPTIONS='-v' '-o' 'CMakeFiles/cmTC_2123d.dir/CMakeCXXCompilerABI.cpp.o' '-c' '-shared-libgcc' '-mtune=generic' '-march=x86-64'
 /util/gcc-7.2.0/libexec/gcc/x86_64-pc-linux-gnu/7.2.0/cc1plus -quiet -v -D_GNU_SOURCE /util/cmake-3.18.2/share/cmake-3.18/Modules/CMakeCXXCompilerABI.cpp -quiet -dumpbase CMakeCXXCompilerABI.cpp -mtune=generic -march=x86-64 -auxbase-strip CMakeFiles/cmTC_2123d.dir/CMakeCXXCompilerABI.cpp.o -version -o /tmp/cc7gwKvK.s
GNU C++14 (GCC) version 7.2.0 (x86_64-pc-linux-gnu)
	compiled by GNU C version 7.2.0, GMP version 6.1.0, MPFR version 3.1.4, MPC version 1.0.3, isl version isl-0.16.1-GMP

GGC heuristics: --param ggc-min-expand=100 --param ggc-min-heapsize=131072
ignoring nonexistent directory "/util/gcc-7.2.0/lib/gcc/x86_64-pc-linux-gnu/7.2.0/../../../../x86_64-pc-linux-gnu/include"
#include "..." search starts here:
#include <...> search starts here:
 /util/gcc-7.2.0/lib/gcc/x86_64-pc-linux-gnu/7.2.0/../../../../include/c++/7.2.0
 /util/gcc-7.2.0/lib/gcc/x86_64-pc-linux-gnu/7.2.0/../../../../include/c++/7.2.0/x86_64-pc-linux-gnu
 /util/gcc-7.2.0/lib/gcc/x86_64-pc-linux-gnu/7.2.0/../../../../include/c++/7.2.0/backward
 /util/gcc-7.2.0/lib/gcc/x86_64-pc-linux-gnu/7.2.0/include
 /usr/local/include
 /util/gcc-7.2.0/include
 /util/gcc-7.2.0/lib/gcc/x86_64-pc-linux-gnu/7.2.0/include-fixed
 /usr/include
End of search list.
GNU C++14 (GCC) version 7.2.0 (x86_64-pc-linux-gnu)
	compiled by GNU C version 7.2.0, GMP version 6.1.0, MPFR version 3.1.4, MPC version 1.0.3, isl version isl-0.16.1-GMP

GGC heuristics: --param ggc-min-expand=100 --param ggc-min-heapsize=131072
Compiler executable checksum: 0ea4fe5f5de5086ecc8543f15c328e4b
COLLECT_GCC_OPTIONS='-v' '-o' 'CMakeFiles/cmTC_2123d.dir/CMakeCXXCompilerABI.cpp.o' '-c' '-shared-libgcc' '-mtune=generic' '-march=x86-64'
 as -v --64 -o CMakeFiles/cmTC_2123d.dir/CMakeCXXCompilerABI.cpp.o /tmp/cc7gwKvK.s
GNU assembler version 2.24 (x86_64-unknown-linux-gnu) using BFD version (GNU Binutils) 2.24
COMPILER_PATH=/util/gcc-7.2.0/libexec/gcc/x86_64-pc-linux-gnu/7.2.0/:/util/gcc-7.2.0/libexec/gcc/x86_64-pc-linux-gnu/7.2.0/:/util/gcc-7.2.0/libexec/gcc/x86_64-pc-linux-gnu/:/util/gcc-7.2.0/lib/gcc/x86_64-pc-linux-gnu/7.2.0/:/util/gcc-7.2.0/lib/gcc/x86_64-pc-linux-gnu/
LIBRARY_PATH=/util/gcc-7.2.0/lib/gcc/x86_64-pc-linux-gnu/7.2.0/:/util/gcc-7.2.0/lib/gcc/x86_64-pc-linux-gnu/7.2.0/../../../../lib64/:/lib/../lib64/:/usr/lib/../lib64/:/util/gcc-7.2.0/lib/gcc/x86_64-pc-linux-gnu/7.2.0/../../../:/lib/:/usr/lib/
COLLECT_GCC_OPTIONS='-v' '-o' 'CMakeFiles/cmTC_2123d.dir/CMakeCXXCompilerABI.cpp.o' '-c' '-shared-libgcc' '-mtune=generic' '-march=x86-64'
Linking CXX executable cmTC_2123d
/util/cmake-3.18.2/bin/cmake -E cmake_link_script CMakeFiles/cmTC_2123d.dir/link.txt --verbose=1
/util/gcc-7.2.0/bin/g++  -v CMakeFiles/cmTC_2123d.dir/CMakeCXXCompilerABI.cpp.o -o cmTC_2123d 
Using built-in specs.
COLLECT_GCC=/util/gcc-7.2.0/bin/g++
COLLECT_LTO_WRAPPER=/util/gcc-7.2.0/libexec/gcc/x86_64-pc-linux-gnu/7.2.0/lto-wrapper
Target: x86_64-pc-linux-gnu
Configured with: ../gcc-7.2.0/configure --prefix=/util/gcc-7.2.0 --disable-multilib
Thread model: posix
gcc version 7.2.0 (GCC) 
COMPILER_PATH=/util/gcc-7.2.0/libexec/gcc/x86_64-pc-linux-gnu/7.2.0/:/util/gcc-7.2.0/libexec/gcc/x86_64-pc-linux-gnu/7.2.0/:/util/gcc-7.2.0/libexec/gcc/x86_64-pc-linux-gnu/:/util/gcc-7.2.0/lib/gcc/x86_64-pc-linux-gnu/7.2.0/:/util/gcc-7.2.0/lib/gcc/x86_64-pc-linux-gnu/
LIBRARY_PATH=/util/gcc-7.2.0/lib/gcc/x86_64-pc-linux-gnu/7.2.0/:/util/gcc-7.2.0/lib/gcc/x86_64-pc-linux-gnu/7.2.0/../../../../lib64/:/lib/../lib64/:/usr/lib/../lib64/:/util/gcc-7.2.0/lib/gcc/x86_64-pc-linux-gnu/7.2.0/../../../:/lib/:/usr/lib/
COLLECT_GCC_OPTIONS='-v' '-o' 'cmTC_2123d' '-shared-libgcc' '-mtune=generic' '-march=x86-64'
 /util/gcc-7.2.0/libexec/gcc/x86_64-pc-linux-gnu/7.2.0/collect2 --eh-frame-hdr -m elf_x86_64 -dynamic-linker /lib64/ld-linux-x86-64.so.2 -o cmTC_2123d /lib/../lib64/crt1.o /lib/../lib64/crti.o /util/gcc-7.2.0/lib/gcc/x86_64-pc-linux-gnu/7.2.0/crtbegin.o -L/util/gcc-7.2.0/lib/gcc/x86_64-pc-linux-gnu/7.2.0 -L/util/gcc-7.2.0/lib/gcc/x86_64-pc-linux-gnu/7.2.0/../../../../lib64 -L/lib/../lib64 -L/usr/lib/../lib64 -L/util/gcc-7.2.0/lib/gcc/x86_64-pc-linux-gnu/7.2.0/../../.. CMakeFiles/cmTC_2123d.dir/CMakeCXXCompilerABI.cpp.o -lstdc++ -lm -lgcc_s -lgcc -lc -lgcc_s -lgcc /util/gcc-7.2.0/lib/gcc/x86_64-pc-linux-gnu/7.2.0/crtend.o /lib/../lib64/crtn.o
COLLECT_GCC_OPTIONS='-v' '-o' 'cmTC_2123d' '-shared-libgcc' '-mtune=generic' '-march=x86-64'
gmake[1]: Leaving directory `/home/csgrad/asowmyan/Taco_db_test/lab1/build/CMakeFiles/CMakeTmp'



Parsed CXX implicit include dir info from above output: rv=done
  found start of include info
  found start of implicit include info
    add: [/util/gcc-7.2.0/lib/gcc/x86_64-pc-linux-gnu/7.2.0/../../../../include/c++/7.2.0]
    add: [/util/gcc-7.2.0/lib/gcc/x86_64-pc-linux-gnu/7.2.0/../../../../include/c++/7.2.0/x86_64-pc-linux-gnu]
    add: [/util/gcc-7.2.0/lib/gcc/x86_64-pc-linux-gnu/7.2.0/../../../../include/c++/7.2.0/backward]
    add: [/util/gcc-7.2.0/lib/gcc/x86_64-pc-linux-gnu/7.2.0/include]
    add: [/usr/local/include]
    add: [/util/gcc-7.2.0/include]
    add: [/util/gcc-7.2.0/lib/gcc/x86_64-pc-linux-gnu/7.2.0/include-fixed]
    add: [/usr/include]
  end of search list found
  collapse include dir [/util/gcc-7.2.0/lib/gcc/x86_64-pc-linux-gnu/7.2.0/../../../../include/c++/7.2.0] ==> [/util/gcc-7.2.0/include/c++/7.2.0]
  collapse include dir [/util/gcc-7.2.0/lib/gcc/x86_64-pc-linux-gnu/7.2.0/../../../../include/c++/7.2.0/x86_64-pc-linux-gnu] ==> [/util/gcc-7.2.0/include/c++/7.2.0/x86_64-pc-linux-gnu]
  collapse include dir [/util/gcc-7.2.0/lib/gcc/x86_64-pc-linux-gnu/7.2.0/../../../../include/c++/7.2.0/backward] ==> [/util/gcc-7.2.0/include/c++/7.2.0/backward]
  collapse include dir [/util/gcc-7.2.0/lib/gcc/x86_64-pc-linux-gnu/7.2.0/include] ==> [/util/gcc-7.2.0/lib/gcc/x86_64-pc-linux-gnu/7.2.0/include]
  collapse include dir [/usr/local/include] ==> [/usr/local/include]
  collapse include dir [/util/gcc-7.2.0/include] ==> [/util/gcc-7.2.0/include]
  collapse include dir [/util/gcc-7.2.0/lib/gcc/x86_64-pc-linux-gnu/7.2.0/include-fixed] ==> [/util/gcc-7.2.0/lib/gcc/x86_64-pc-linux-gnu/7.2.0/include-fixed]
  collapse include dir [/usr/include] ==> [/usr/include]
  implicit include dirs: [/util/gcc-7.2.0/include/c++/7.2.0;/util/gcc-7.2.0/include/c++/7.2.0/x86_64-pc-linux-gnu;/util/gcc-7.2.0/include/c++/7.2.0/backward;/util/gcc-7.2.0/lib/gcc/x86_64-pc-linux-gnu/7.2.0/include;/usr/local/include;/util/gcc-7.2.0/include;/util/gcc-7.2.0/lib/gcc/x86_64-pc-linux-gnu/7.2.0/include-fixed;/usr/include]


Parsed CXX implicit link information from above output:
  link line regex: [^( *|.*[/\])(ld|CMAKE_LINK_STARTFILE-NOTFOUND|([^/\]+-)?ld|collect2)[^/\]*( |$)]
  ignore line: [Change Dir: /home/csgrad/asowmyan/Taco_db_test/lab1/build/CMakeFiles/CMakeTmp]
  ignore line: []
  ignore line: [Run Build Command(s):/usr/bin/gmake cmTC_2123d/fast && /usr/bin/gmake  -f CMakeFiles/cmTC_2123d.dir/build.make CMakeFiles/cmTC_2123d.dir/build]
  ignore line: [gmake[1]: Entering directory `/home/csgrad/asowmyan/Taco_db_test/lab1/build/CMakeFiles/CMakeTmp']
  ignore line: [Building CXX object CMakeFiles/cmTC_2123d.dir/CMakeCXXCompilerABI.cpp.o]
  ignore line: [/util/gcc-7.2.0/bin/g++   -v -o CMakeFiles/cmTC_2123d.dir/CMakeCXXCompilerABI.cpp.o -c /util/cmake-3.18.2/share/cmake-3.18/Modules/CMakeCXXCompilerABI.cpp]
  ignore line: [Using built-in specs.]
  ignore line: [COLLECT_GCC=/util/gcc-7.2.0/bin/g++]
  ignore line: [Target: x86_64-pc-linux-gnu]
  ignore line: [Configured with: ../gcc-7.2.0/configure --prefix=/util/gcc-7.2.0 --disable-multilib]
  ignore line: [Thread model: posix]
  ignore line: [gcc version 7.2.0 (GCC) ]
  ignore line: [COLLECT_GCC_OPTIONS='-v' '-o' 'CMakeFiles/cmTC_2123d.dir/CMakeCXXCompilerABI.cpp.o' '-c' '-shared-libgcc' '-mtune=generic' '-march=x86-64']
  ignore line: [ /util/gcc-7.2.0/libexec/gcc/x86_64-pc-linux-gnu/7.2.0/cc1plus -quiet -v -D_GNU_SOURCE /util/cmake-3.18.2/share/cmake-3.18/Modules/CMakeCXXCompilerABI.cpp -quiet -dumpbase CMakeCXXCompilerABI.cpp -mtune=generic -march=x86-64 -auxbase-strip CMakeFiles/cmTC_2123d.dir/CMakeCXXCompilerABI.cpp.o -version -o /tmp/cc7gwKvK.s]
  ignore line: [GNU C++14 (GCC) version 7.2.0 (x86_64-pc-linux-gnu)]
  ignore line: [	compiled by GNU C version 7.2.0  GMP version 6.1.0  MPFR version 3.1.4  MPC version 1.0.3  isl version isl-0.16.1-GMP]
  ignore line: []
  ignore line: [GGC heuristics: --param ggc-min-expand=100 --param ggc-min-heapsize=131072]
  ignore line: [ignoring nonexistent directory "/util/gcc-7.2.0/lib/gcc/x86_64-pc-linux-gnu/7.2.0/../../../../x86_64-pc-linux-gnu/include"]
  ignore line: [#include "..." search starts here:]
  ignore line: [#include <...> search starts here:]
  ignore line: [ /util/gcc-7.2.0/lib/gcc/x86_64-pc-linux-gnu/7.2.0/../../../../include/c++/7.2.0]
  ignore line: [ /util/gcc-7.2.0/lib/gcc/x86_64-pc-linux-gnu/7.2.0/../../../../include/c++/7.2.0/x86_64-pc-linux-gnu]
  ignore line: [ /util/gcc-7.2.0/lib/gcc/x86_64-pc-linux-gnu/7.2.0/../../../../include/c++/7.2.0/backward]
  ignore line: [ /util/gcc-7.2.0/lib/gcc/x86_64-pc-linux-gnu/7.2.0/include]
  ignore line: [ /usr/local/include]
  ignore line: [ /util/gcc-7.2.0/include]
  ignore line: [ /util/gcc-7.2.0/lib/gcc/x86_64-pc-linux-gnu/7.2.0/include-fixed]
  ignore line: [ /usr/include]
  ignore line: [End of search list.]
  ignore line: [GNU C++14 (GCC) version 7.2.0 (x86_64-pc-linux-gnu)]
  ignore line: [	compiled by GNU C version 7.2.0  GMP version 6.1.0  MPFR version 3.1.4  MPC version 1.0.3  isl version isl-0.16.1-GMP]
  ignore line: []
  ignore line: [GGC heuristics: --param ggc-min-expand=100 --param ggc-min-heapsize=131072]
  ignore line: [Compiler executable checksum: 0ea4fe5f5de5086ecc8543f15c328e4b]
  ignore line: [COLLECT_GCC_OPTIONS='-v' '-o' 'CMakeFiles/cmTC_2123d.dir/CMakeCXXCompilerABI.cpp.o' '-c' '-shared-libgcc' '-mtune=generic' '-march=x86-64']
  ignore line: [ as -v --64 -o CMakeFiles/cmTC_2123d.dir/CMakeCXXCompilerABI.cpp.o /tmp/cc7gwKvK.s]
  ignore line: [GNU assembler version 2.24 (x86_64-unknown-linux-gnu) using BFD version (GNU Binutils) 2.24]
  ignore line: [COMPILER_PATH=/util/gcc-7.2.0/libexec/gcc/x86_64-pc-linux-gnu/7.2.0/:/util/gcc-7.2.0/libexec/gcc/x86_64-pc-linux-gnu/7.2.0/:/util/gcc-7.2.0/libexec/gcc/x86_64-pc-linux-gnu/:/util/gcc-7.2.0/lib/gcc/x86_64-pc-linux-gnu/7.2.0/:/util/gcc-7.2.0/lib/gcc/x86_64-pc-linux-gnu/]
  ignore line: [LIBRARY_PATH=/util/gcc-7.2.0/lib/gcc/x86_64-pc-linux-gnu/7.2.0/:/util/gcc-7.2.0/lib/gcc/x86_64-pc-linux-gnu/7.2.0/../../../../lib64/:/lib/../lib64/:/usr/lib/../lib64/:/util/gcc-7.2.0/lib/gcc/x86_64-pc-linux-gnu/7.2.0/../../../:/lib/:/usr/lib/]
  ignore line: [COLLECT_GCC_OPTIONS='-v' '-o' 'CMakeFiles/cmTC_2123d.dir/CMakeCXXCompilerABI.cpp.o' '-c' '-shared-libgcc' '-mtune=generic' '-march=x86-64']
  ignore line: [Linking CXX executable cmTC_2123d]
  ignore line: [/util/cmake-3.18.2/bin/cmake -E cmake_link_script CMakeFiles/cmTC_2123d.dir/link.txt --verbose=1]
  ignore line: [/util/gcc-7.2.0/bin/g++  -v CMakeFiles/cmTC_2123d.dir/CMakeCXXCompilerABI.cpp.o -o cmTC_2123d ]
  ignore line: [Using built-in specs.]
  ignore line: [COLLECT_GCC=/util/gcc-7.2.0/bin/g++]
  ignore line: [COLLECT_LTO_WRAPPER=/util/gcc-7.2.0/libexec/gcc/x86_64-pc-linux-gnu/7.2.0/lto-wrapper]
  ignore line: [Target: x86_64-pc-linux-gnu]
  ignore line: [Configured with: ../gcc-7.2.0/configure --prefix=/util/gcc-7.2.0 --disable-multilib]
  ignore line: [Thread model: posix]
  ignore line: [gcc version 7.2.0 (GCC) ]
  ignore line: [COMPILER_PATH=/util/gcc-7.2.0/libexec/gcc/x86_64-pc-linux-gnu/7.2.0/:/util/gcc-7.2.0/libexec/gcc/x86_64-pc-linux-gnu/7.2.0/:/util/gcc-7.2.0/libexec/gcc/x86_64-pc-linux-gnu/:/util/gcc-7.2.0/lib/gcc/x86_64-pc-linux-gnu/7.2.0/:/util/gcc-7.2.0/lib/gcc/x86_64-pc-linux-gnu/]
  ignore line: [LIBRARY_PATH=/util/gcc-7.2.0/lib/gcc/x86_64-pc-linux-gnu/7.2.0/:/util/gcc-7.2.0/lib/gcc/x86_64-pc-linux-gnu/7.2.0/../../../../lib64/:/lib/../lib64/:/usr/lib/../lib64/:/util/gcc-7.2.0/lib/gcc/x86_64-pc-linux-gnu/7.2.0/../../../:/lib/:/usr/lib/]
  ignore line: [COLLECT_GCC_OPTIONS='-v' '-o' 'cmTC_2123d' '-shared-libgcc' '-mtune=generic' '-march=x86-64']
  link line: [ /util/gcc-7.2.0/libexec/gcc/x86_64-pc-linux-gnu/7.2.0/collect2 --eh-frame-hdr -m elf_x86_64 -dynamic-linker /lib64/ld-linux-x86-64.so.2 -o cmTC_2123d /lib/../lib64/crt1.o /lib/../lib64/crti.o /util/gcc-7.2.0/lib/gcc/x86_64-pc-linux-gnu/7.2.0/crtbegin.o -L/util/gcc-7.2.0/lib/gcc/x86_64-pc-linux-gnu/7.2.0 -L/util/gcc-7.2.0/lib/gcc/x86_64-pc-linux-gnu/7.2.0/../../../../lib64 -L/lib/../lib64 -L/usr/lib/../lib64 -L/util/gcc-7.2.0/lib/gcc/x86_64-pc-linux-gnu/7.2.0/../../.. CMakeFiles/cmTC_2123d.dir/CMakeCXXCompilerABI.cpp.o -lstdc++ -lm -lgcc_s -lgcc -lc -lgcc_s -lgcc /util/gcc-7.2.0/lib/gcc/x86_64-pc-linux-gnu/7.2.0/crtend.o /lib/../lib64/crtn.o]
    arg [/util/gcc-7.2.0/libexec/gcc/x86_64-pc-linux-gnu/7.2.0/collect2] ==> ignore
    arg [--eh-frame-hdr] ==> ignore
    arg [-m] ==> ignore
    arg [elf_x86_64] ==> ignore
    arg [-dynamic-linker] ==> ignore
    arg [/lib64/ld-linux-x86-64.so.2] ==> ignore
    arg [-o] ==> ignore
    arg [cmTC_2123d] ==> ignore
    arg [/lib/../lib64/crt1.o] ==> ignore
    arg [/lib/../lib64/crti.o] ==> ignore
    arg [/util/gcc-7.2.0/lib/gcc/x86_64-pc-linux-gnu/7.2.0/crtbegin.o] ==> ignore
    arg [-L/util/gcc-7.2.0/lib/gcc/x86_64-pc-linux-gnu/7.2.0] ==> dir [/util/gcc-7.2.0/lib/gcc/x86_64-pc-linux-gnu/7.2.0]
    arg [-L/util/gcc-7.2.0/lib/gcc/x86_64-pc-linux-gnu/7.2.0/../../../../lib64] ==> dir [/util/gcc-7.2.0/lib/gcc/x86_64-pc-linux-gnu/7.2.0/../../../../lib64]
    arg [-L/lib/../lib64] ==> dir [/lib/../lib64]
    arg [-L/usr/lib/../lib64] ==> dir [/usr/lib/../lib64]
    arg [-L/util/gcc-7.2.0/lib/gcc/x86_64-pc-linux-gnu/7.2.0/../../..] ==> dir [/util/gcc-7.2.0/lib/gcc/x86_64-pc-linux-gnu/7.2.0/../../..]
    arg [CMakeFiles/cmTC_2123d.dir/CMakeCXXCompilerABI.cpp.o] ==> ignore
    arg [-lstdc++] ==> lib [stdc++]
    arg [-lm] ==> lib [m]
    arg [-lgcc_s] ==> lib [gcc_s]
    arg [-lgcc] ==> lib [gcc]
    arg [-lc] ==> lib [c]
    arg [-lgcc_s] ==> lib [gcc_s]
    arg [-lgcc] ==> lib [gcc]
    arg [/util/gcc-7.2.0/lib/gcc/x86_64-pc-linux-gnu/7.2.0/crtend.o] ==> ignore
    arg [/lib/../lib64/crtn.o] ==> ignore
  collapse library dir [/util/gcc-7.2.0/lib/gcc/x86_64-pc-linux-gnu/7.2.0] ==> [/util/gcc-7.2.0/lib/gcc/x86_64-pc-linux-gnu/7.2.0]
  collapse library dir [/util/gcc-7.2.0/lib/gcc/x86_64-pc-linux-gnu/7.2.0/../../../../lib64] ==> [/util/gcc-7.2.0/lib64]
  collapse library dir [/lib/../lib64] ==> [/lib64]
  collapse library dir [/usr/lib/../lib64] ==> [/usr/lib64]
  collapse library dir [/util/gcc-7.2.0/lib/gcc/x86_64-pc-linux-gnu/7.2.0/../../..] ==> [/util/gcc-7.2.0/lib]
  implicit libs: [stdc++;m;gcc_s;gcc;c;gcc_s;gcc]
  implicit dirs: [/util/gcc-7.2.0/lib/gcc/x86_64-pc-linux-gnu/7.2.0;/util/gcc-7.2.0/lib64;/lib64;/usr/lib64;/util/gcc-7.2.0/lib]
  implicit fwks: []


Performing C++ SOURCE FILE Test NO_LIBATOMIC_NEEDED succeeded with the following output:
Change Dir: /home/csgrad/asowmyan/Taco_db_test/lab1/build/CMakeFiles/CMakeTmp

Run Build Command(s):/usr/bin/gmake cmTC_5eb3c/fast && /usr/bin/gmake  -f CMakeFiles/cmTC_5eb3c.dir/build.make CMakeFiles/cmTC_5eb3c.dir/build
gmake[1]: Entering directory `/home/csgrad/asowmyan/Taco_db_test/lab1/build/CMakeFiles/CMakeTmp'
Building CXX object CMakeFiles/cmTC_5eb3c.dir/src.cxx.o
/util/gcc-7.2.0/bin/g++   -fno-strict-aliasing -Wno-missing-field-initializers -O0 -g2 -Wall -Wextra -Wno-unused-parameter -fno-omit-frame-pointer -DNO_LIBATOMIC_NEEDED -std=gnu++11 -o CMakeFiles/cmTC_5eb3c.dir/src.cxx.o -c /home/csgrad/asowmyan/Taco_db_test/lab1/build/CMakeFiles/CMakeTmp/src.cxx
Linking CXX executable cmTC_5eb3c
/util/cmake-3.18.2/bin/cmake -E cmake_link_script CMakeFiles/cmTC_5eb3c.dir/link.txt --verbose=1
/util/gcc-7.2.0/bin/g++  -fno-strict-aliasing -Wno-missing-field-initializers -O0 -g2 -Wall -Wextra -Wno-unused-parameter -fno-omit-frame-pointer -DNO_LIBATOMIC_NEEDED CMakeFiles/cmTC_5eb3c.dir/src.cxx.o -o cmTC_5eb3c 
gmake[1]: Leaving directory `/home/csgrad/asowmyan/Taco_db_test/lab1/build/CMakeFiles/CMakeTmp'


Source file was:
#include <atomic>

int main() {
    std::atomic_int x;
    x.store(5, std::memory_order_relaxed);
    int y = x.load(std::memory_order_relaxed);
    while (!x.compare_exchange_weak(y, 100, std::memory_order_seq_cst));
    return 0;
}

Performing C++ SOURCE FILE Test ATOMIC_OK succeeded with the following output:
Change Dir: /home/csgrad/asowmyan/Taco_db_test/lab1/build/CMakeFiles/CMakeTmp

Run Build Command(s):/usr/bin/gmake cmTC_11425/fast && /usr/bin/gmake  -f CMakeFiles/cmTC_11425.dir/build.make CMakeFiles/cmTC_11425.dir/build
gmake[1]: Entering directory `/home/csgrad/asowmyan/Taco_db_test/lab1/build/CMakeFiles/CMakeTmp'
Building CXX object CMakeFiles/cmTC_11425.dir/src.cxx.o
/util/gcc-7.2.0/bin/g++   -fno-strict-aliasing -Wno-missing-field-initializers -O0 -g2 -Wall -Wextra -Wno-unused-parameter -fno-omit-frame-pointer -DATOMIC_OK -std=gnu++11 -o CMakeFiles/cmTC_11425.dir/src.cxx.o -c /home/csgrad/asowmyan/Taco_db_test/lab1/build/CMakeFiles/CMakeTmp/src.cxx
Linking CXX executable cmTC_11425
/util/cmake-3.18.2/bin/cmake -E cmake_link_script CMakeFiles/cmTC_11425.dir/link.txt --verbose=1
/util/gcc-7.2.0/bin/g++  -fno-strict-aliasing -Wno-missing-field-initializers -O0 -g2 -Wall -Wextra -Wno-unused-parameter -fno-omit-frame-pointer -DATOMIC_OK CMakeFiles/cmTC_11425.dir/src.cxx.o -o cmTC_11425 
gmake[1]: Leaving directory `/home/csgrad/asowmyan/Taco_db_test/lab1/build/CMakeFiles/CMakeTmp'


Source file was:
/*!
 * Checks whether all integral and boolean std::atomic objects are always
 * lock-free and have no padding bits.
 */
#include <atomic>
#include <cstdint>
#include <thread>

static_assert(ATOMIC_BOOL_LOCK_FREE == 2);
static_assert(ATOMIC_CHAR_LOCK_FREE == 2);
static_assert(ATOMIC_SHORT_LOCK_FREE == 2);
static_assert(ATOMIC_INT_LOCK_FREE == 2);
static_assert(ATOMIC_LONG_LOCK_FREE == 2);
static_assert(ATOMIC_LLONG_LOCK_FREE == 2);
static_assert(ATOMIC_POINTER_LOCK_FREE == 2);

static_assert(sizeof(std::atomic_bool) == sizeof(bool));
static_assert(sizeof(std::atomic_char) == sizeof(char));
static_assert(sizeof(std::atomic_short) == sizeof(short));
static_assert(sizeof(std::atomic_int) == sizeof(int));
static_assert(sizeof(std::atomic_long) == sizeof(long));
static_assert(sizeof(std::atomic_llong) == sizeof(long long));
static_assert(sizeof(std::atomic_size_t) == sizeof(std::size_t));
static_assert(sizeof(std::atomic_ptrdiff_t) == sizeof(std::ptrdiff_t));
static_assert(sizeof(std::atomic_uintptr_t) == sizeof(std::uintptr_t));
static_assert(sizeof(std::atomic<void*>) == sizeof(void*));
static_assert(sizeof(std::atomic_int8_t) == sizeof(std::atomic_int8_t));
static_assert(sizeof(std::atomic_int16_t) == sizeof(std::atomic_int16_t));
static_assert(sizeof(std::atomic_int32_t) == sizeof(std::atomic_int32_t));
static_assert(sizeof(std::atomic_int64_t) == sizeof(std::atomic_int64_t));
static_assert(sizeof(std::atomic_uint8_t) == sizeof(std::atomic_uint8_t));
static_assert(sizeof(std::atomic_uint16_t) == sizeof(std::atomic_uint16_t));
static_assert(sizeof(std::atomic_uint32_t) == sizeof(std::atomic_uint32_t));
static_assert(sizeof(std::atomic_uint64_t) == sizeof(std::atomic_uint64_t));


int main() {
    std::thread f;
    return 0;
}

Performing C++ SOURCE FILE Test HAVE_FALLOCATE succeeded with the following output:
Change Dir: /home/csgrad/asowmyan/Taco_db_test/lab1/build/CMakeFiles/CMakeTmp

Run Build Command(s):/usr/bin/gmake cmTC_6bf6d/fast && /usr/bin/gmake  -f CMakeFiles/cmTC_6bf6d.dir/build.make CMakeFiles/cmTC_6bf6d.dir/build
gmake[1]: Entering directory `/home/csgrad/asowmyan/Taco_db_test/lab1/build/CMakeFiles/CMakeTmp'
Building CXX object CMakeFiles/cmTC_6bf6d.dir/src.cxx.o
/util/gcc-7.2.0/bin/g++   -fno-strict-aliasing -Wno-missing-field-initializers -O0 -g2 -Wall -Wextra -Wno-unused-parameter -fno-omit-frame-pointer -DHAVE_FALLOCATE -std=gnu++11 -o CMakeFiles/cmTC_6bf6d.dir/src.cxx.o -c /home/csgrad/asowmyan/Taco_db_test/lab1/build/CMakeFiles/CMakeTmp/src.cxx
/home/csgrad/asowmyan/Taco_db_test/lab1/build/CMakeFiles/CMakeTmp/src.cxx: In function ‘int main()’:
/home/csgrad/asowmyan/Taco_db_test/lab1/build/CMakeFiles/CMakeTmp/src.cxx:5:9: warning: unused variable ‘ret’ [-Wunused-variable]
     int ret = fallocate(0, FALLOC_FL_ZERO_RANGE, 0, 100);
         ^~~
Linking CXX executable cmTC_6bf6d
/util/cmake-3.18.2/bin/cmake -E cmake_link_script CMakeFiles/cmTC_6bf6d.dir/link.txt --verbose=1
/util/gcc-7.2.0/bin/g++  -fno-strict-aliasing -Wno-missing-field-initializers -O0 -g2 -Wall -Wextra -Wno-unused-parameter -fno-omit-frame-pointer -DHAVE_FALLOCATE CMakeFiles/cmTC_6bf6d.dir/src.cxx.o -o cmTC_6bf6d 
gmake[1]: Leaving directory `/home/csgrad/asowmyan/Taco_db_test/lab1/build/CMakeFiles/CMakeTmp'


Source file was:
// We should have _GNU_SOURCE defined by default in both g++/clang++.
#include <fcntl.h>

int main() {
    int ret = fallocate(0, FALLOC_FL_ZERO_RANGE, 0, 100);
    return 0;
}


Determining if the strncasecmp exist passed with the following output:
Change Dir: /home/csgrad/asowmyan/Taco_db_test/lab1/build/CMakeFiles/CMakeTmp

Run Build Command(s):/usr/bin/gmake cmTC_3ee6a/fast && /usr/bin/gmake  -f CMakeFiles/cmTC_3ee6a.dir/build.make CMakeFiles/cmTC_3ee6a.dir/build
gmake[1]: Entering directory `/home/csgrad/asowmyan/Taco_db_test/lab1/build/CMakeFiles/CMakeTmp'
Building C object CMakeFiles/cmTC_3ee6a.dir/CheckSymbolExists.c.o
/util/gcc-7.2.0/bin/gcc    -o CMakeFiles/cmTC_3ee6a.dir/CheckSymbolExists.c.o -c /home/csgrad/asowmyan/Taco_db_test/lab1/build/CMakeFiles/CMakeTmp/CheckSymbolExists.c
Linking C executable cmTC_3ee6a
/util/cmake-3.18.2/bin/cmake -E cmake_link_script CMakeFiles/cmTC_3ee6a.dir/link.txt --verbose=1
/util/gcc-7.2.0/bin/gcc CMakeFiles/cmTC_3ee6a.dir/CheckSymbolExists.c.o -o cmTC_3ee6a 
gmake[1]: Leaving directory `/home/csgrad/asowmyan/Taco_db_test/lab1/build/CMakeFiles/CMakeTmp'


File /home/csgrad/asowmyan/Taco_db_test/lab1/build/CMakeFiles/CMakeTmp/CheckSymbolExists.c:
/* */
#include <strings.h>

int main(int argc, char** argv)
{
  (void)argv;
#ifndef strncasecmp
  return ((int*)(&strncasecmp))[argc];
#else
  (void)argc;
  return 0;
#endif
}
